17:20:38.231 [main] INFO  api.test.UserTests - **********Create User Test**********
17:20:41.391 [main] INFO  api.test.UserTests - **********User Created Successfully**********
17:20:41.416 [main] INFO  api.test.UserTests - **********Retrieve User Test**********
17:20:42.657 [main] INFO  api.test.UserTests - **********User Retrieved Successfully**********
17:20:42.668 [main] INFO  api.test.UserTests - **********Update User Test**********
17:20:45.002 [main] INFO  api.test.UserTests - **********User Updated Successfully**********
17:20:45.014 [main] INFO  api.test.UserTests - **********Delete User Test**********
17:20:46.349 [main] INFO  api.test.UserTests - **********User Deleted Successfully**********
17:54:49.046 [main] INFO  api.test.UserTests - **********Create User Test**********
17:54:52.124 [main] INFO  api.test.UserTests - **********User Created Successfully**********
17:54:52.147 [main] INFO  api.test.UserTests - **********Retrieve User Test**********
17:54:53.300 [main] INFO  api.test.UserTests - **********User Retrieved Successfully**********
17:54:53.311 [main] INFO  api.test.UserTests - **********Update User Test**********
17:54:55.498 [main] INFO  api.test.UserTests - **********User Updated Successfully**********
17:54:55.514 [main] INFO  api.test.UserTests - **********Delete User Test**********
17:54:56.661 [main] INFO  api.test.UserTests - **********User Deleted Successfully**********
17:54:56.730 [main] INFO  api.test.UserTests2 - **********Create User Test**********
17:54:57.857 [main] INFO  api.test.UserTests2 - **********User Created Successfully**********
17:54:57.868 [main] INFO  api.test.UserTests2 - **********Retrieve User Test**********
17:54:58.992 [main] INFO  api.test.UserTests2 - **********User Retrieved Successfully**********
17:54:59.005 [main] INFO  api.test.UserTests2 - **********Update User Test**********
17:55:01.220 [main] INFO  api.test.UserTests2 - **********User Updated Successfully**********
17:55:01.248 [main] INFO  api.test.UserTests2 - **********Delete User Test**********
17:55:02.324 [main] INFO  api.test.UserTests2 - **********User Deleted Successfully**********
18:40:36.121 [main] INFO  api.test.UserTests - **********Create User Test**********
18:40:39.251 [main] INFO  api.test.UserTests - **********User Created Successfully**********
18:40:39.272 [main] INFO  api.test.UserTests - **********Retrieve User Test**********
18:40:40.484 [main] INFO  api.test.UserTests - **********User Retrieved Successfully**********
18:40:40.488 [main] INFO  api.test.UserTests - **********Update User Test**********
18:40:42.768 [main] INFO  api.test.UserTests - **********User Updated Successfully**********
18:40:42.773 [main] INFO  api.test.UserTests - **********Delete User Test**********
18:40:44.095 [main] INFO  api.test.UserTests - **********User Deleted Successfully**********
18:40:44.159 [main] INFO  api.test.UserTests2 - **********Create User Test**********
18:40:45.276 [main] INFO  api.test.UserTests2 - **********User Created Successfully**********
18:40:45.281 [main] INFO  api.test.UserTests2 - **********Retrieve User Test**********
18:40:46.403 [main] INFO  api.test.UserTests2 - **********User Retrieved Successfully**********
18:40:46.410 [main] INFO  api.test.UserTests2 - **********Update User Test**********
18:40:48.648 [main] INFO  api.test.UserTests2 - **********User Updated Successfully**********
18:40:48.652 [main] INFO  api.test.UserTests2 - **********Delete User Test**********
18:40:49.969 [main] INFO  api.test.UserTests2 - **********User Deleted Successfully**********
18:56:17.750 [main] INFO  api.test.UserTests - **********Create User Test**********
18:56:21.930 [main] INFO  api.test.UserTests - **********User Created Successfully**********
18:56:21.944 [main] INFO  api.test.UserTests - **********Retrieve User Test**********
18:56:23.274 [main] INFO  api.test.UserTests - **********User Retrieved Successfully**********
18:56:23.281 [main] INFO  api.test.UserTests - **********Update User Test**********
18:56:25.732 [main] INFO  api.test.UserTests - **********User Updated Successfully**********
18:56:25.738 [main] INFO  api.test.UserTests - **********Delete User Test**********
18:56:27.050 [main] INFO  api.test.UserTests - **********User Deleted Successfully**********
18:56:27.126 [main] INFO  api.test.UserTests2 - **********Create User Test**********
18:56:28.556 [main] INFO  api.test.UserTests2 - **********User Created Successfully**********
18:56:28.562 [main] INFO  api.test.UserTests2 - **********Retrieve User Test**********
18:56:29.920 [main] INFO  api.test.UserTests2 - **********User Retrieved Successfully**********
18:56:29.927 [main] INFO  api.test.UserTests2 - **********Update User Test**********
18:56:32.926 [main] INFO  api.test.UserTests2 - **********User Updated Successfully**********
18:56:32.929 [main] INFO  api.test.UserTests2 - **********Delete User Test**********
18:56:34.230 [main] INFO  api.test.UserTests2 - **********User Deleted Successfully**********
